<?xml version="1.0" encoding="UTF-8"?>
<testng-results skipped="0" failed="0" ignored="0" total="1" passed="1">
  <reporter-output>
  </reporter-output>
  <suite name="Default suite" duration-ms="15274" started-at="2020-12-07T18:06:38Z" finished-at="2020-12-07T18:06:53Z">
    <groups>
    </groups>
    <test name="Default test" duration-ms="15274" started-at="2020-12-07T18:06:38Z" finished-at="2020-12-07T18:06:53Z">
      <class name="com.jenkinsTest.sampleTest.AutomationTalk">
        <test-method status="PASS" signature="beforeMethod()[pri:0, instance:com.jenkinsTest.sampleTest.AutomationTalk@71c8becc]" name="beforeMethod" is-config="true" duration-ms="7957" started-at="2020-12-07T18:06:38Z" finished-at="2020-12-07T18:06:46Z">
          <reporter-output>
          </reporter-output>
        </test-method> <!-- beforeMethod -->
        <test-method status="PASS" signature="test1()[pri:0, instance:com.jenkinsTest.sampleTest.AutomationTalk@71c8becc]" name="test1" duration-ms="6427" started-at="2020-12-07T18:06:46Z" finished-at="2020-12-07T18:06:53Z">
          <reporter-output>
          </reporter-output>
        </test-method> <!-- test1 -->
        <test-method status="PASS" signature="afterMethod()[pri:0, instance:com.jenkinsTest.sampleTest.AutomationTalk@71c8becc]" name="afterMethod" is-config="true" duration-ms="838" started-at="2020-12-07T18:06:53Z" finished-at="2020-12-07T18:06:53Z">
          <reporter-output>
          </reporter-output>
        </test-method> <!-- afterMethod -->
      </class> <!-- com.jenkinsTest.sampleTest.AutomationTalk -->
    </test> <!-- Default test -->
  </suite> <!-- Default suite -->
</testng-results>
